2024-04-19T20:21:12.420-03:00  INFO 2736 --- [restartedMain] b.c.m.c.CadpessoasMarceloApplication     : Starting CadpessoasMarceloApplication using Java 17.0.10 with PID 2736 (C:\Users\Marce\Documents\GitHub\pweb_2023.2_marceloVitorino\u1_exercicio2\target\classes started by Marce in C:\Users\Marce\Documents\GitHub\pweb_2023.2_marceloVitorino)
2024-04-19T20:21:12.432-03:00  INFO 2736 --- [restartedMain] b.c.m.c.CadpessoasMarceloApplication     : No active profile set, falling back to 1 default profile: "default"
2024-04-19T20:21:12.561-03:00  INFO 2736 --- [restartedMain] .e.DevToolsPropertyDefaultsPostProcessor : Devtools property defaults active! Set 'spring.devtools.add-properties' to 'false' to disable
2024-04-19T20:21:12.563-03:00  INFO 2736 --- [restartedMain] .e.DevToolsPropertyDefaultsPostProcessor : For additional web related logging consider setting the 'logging.level.web' property to 'DEBUG'
2024-04-19T20:21:14.088-03:00  INFO 2736 --- [restartedMain] .s.d.r.c.RepositoryConfigurationDelegate : Bootstrapping Spring Data JPA repositories in DEFAULT mode.
2024-04-19T20:21:14.216-03:00  INFO 2736 --- [restartedMain] .s.d.r.c.RepositoryConfigurationDelegate : Finished Spring Data repository scanning in 103 ms. Found 1 JPA repository interface.
2024-04-19T20:21:15.401-03:00  INFO 2736 --- [restartedMain] o.s.b.w.embedded.tomcat.TomcatWebServer  : Tomcat initialized with port 8080 (http)
2024-04-19T20:21:15.413-03:00  INFO 2736 --- [restartedMain] o.apache.catalina.core.StandardService   : Starting service [Tomcat]
2024-04-19T20:21:15.415-03:00  INFO 2736 --- [restartedMain] o.apache.catalina.core.StandardEngine    : Starting Servlet engine: [Apache Tomcat/10.1.18]
2024-04-19T20:21:15.500-03:00  INFO 2736 --- [restartedMain] o.a.c.c.C.[Tomcat].[localhost].[/]       : Initializing Spring embedded WebApplicationContext
2024-04-19T20:21:15.501-03:00  INFO 2736 --- [restartedMain] w.s.c.ServletWebServerApplicationContext : Root WebApplicationContext: initialization completed in 2936 ms
2024-04-19T20:21:15.719-03:00  INFO 2736 --- [restartedMain] com.zaxxer.hikari.HikariDataSource       : HikariPool-1 - Starting...
2024-04-19T20:21:15.944-03:00  INFO 2736 --- [restartedMain] com.zaxxer.hikari.pool.HikariPool        : HikariPool-1 - Added connection conn0: url=jdbc:h2:mem:cadpessoas user=ADMIN
2024-04-19T20:21:15.948-03:00  INFO 2736 --- [restartedMain] com.zaxxer.hikari.HikariDataSource       : HikariPool-1 - Start completed.
2024-04-19T20:21:15.960-03:00  INFO 2736 --- [restartedMain] o.s.b.a.h2.H2ConsoleAutoConfiguration    : H2 console available at '/h2-console'. Database available at 'jdbc:h2:mem:cadpessoas'
2024-04-19T20:21:16.254-03:00  INFO 2736 --- [restartedMain] o.hibernate.jpa.internal.util.LogHelper  : HHH000204: Processing PersistenceUnitInfo [name: default]
2024-04-19T20:21:16.346-03:00  INFO 2736 --- [restartedMain] org.hibernate.Version                    : HHH000412: Hibernate ORM core version 6.4.1.Final
2024-04-19T20:21:16.425-03:00  INFO 2736 --- [restartedMain] o.h.c.internal.RegionFactoryInitiator    : HHH000026: Second-level cache disabled
2024-04-19T20:21:16.728-03:00  INFO 2736 --- [restartedMain] o.s.o.j.p.SpringPersistenceUnitInfo      : No LoadTimeWeaver setup: ignoring JPA class transformer
2024-04-19T20:21:16.801-03:00  WARN 2736 --- [restartedMain] org.hibernate.orm.deprecation            : HHH90000025: H2Dialect does not need to be specified explicitly using 'hibernate.dialect' (remove the property setting and it will be selected by default)
2024-04-19T20:21:17.903-03:00  INFO 2736 --- [restartedMain] o.h.e.t.j.p.i.JtaPlatformInitiator       : HHH000489: No JTA platform available (set 'hibernate.transaction.jta.platform' to enable JTA platform integration)
2024-04-19T20:21:18.009-03:00  INFO 2736 --- [restartedMain] j.LocalContainerEntityManagerFactoryBean : Initialized JPA EntityManagerFactory for persistence unit 'default'
2024-04-19T20:21:18.595-03:00  INFO 2736 --- [restartedMain] o.s.b.a.w.s.WelcomePageHandlerMapping    : Adding welcome page template: index
2024-04-19T20:21:19.750-03:00  WARN 2736 --- [restartedMain] o.s.b.d.a.OptionalLiveReloadServer       : Unable to start LiveReload server
2024-04-19T20:21:19.759-03:00  INFO 2736 --- [restartedMain] o.s.b.a.e.web.EndpointLinksResolver      : Exposing 1 endpoint(s) beneath base path '/actuator'
2024-04-19T20:21:19.886-03:00  WARN 2736 --- [restartedMain] ConfigServletWebServerApplicationContext : Exception encountered during context initialization - cancelling refresh attempt: org.springframework.context.ApplicationContextException: Failed to start bean 'webServerStartStop'
2024-04-19T20:21:19.891-03:00  INFO 2736 --- [restartedMain] j.LocalContainerEntityManagerFactoryBean : Closing JPA EntityManagerFactory for persistence unit 'default'
2024-04-19T20:21:19.901-03:00  WARN 2736 --- [restartedMain] o.s.b.f.support.DisposableBeanAdapter    : Invocation of destroy method failed on bean with name 'inMemoryDatabaseShutdownExecutor': org.h2.jdbc.JdbcSQLNonTransientConnectionException: Database is already closed (to disable automatic closing at VM shutdown, add ";DB_CLOSE_ON_EXIT=FALSE" to the db URL) [90121-224]
2024-04-19T20:21:19.904-03:00  INFO 2736 --- [restartedMain] com.zaxxer.hikari.HikariDataSource       : HikariPool-1 - Shutdown initiated...
2024-04-19T20:21:19.911-03:00  INFO 2736 --- [restartedMain] com.zaxxer.hikari.HikariDataSource       : HikariPool-1 - Shutdown completed.
2024-04-19T20:21:19.942-03:00  INFO 2736 --- [restartedMain] .s.b.a.l.ConditionEvaluationReportLogger : 

Error starting ApplicationContext. To display the condition evaluation report re-run your application with 'debug' enabled.
2024-04-19T20:21:19.983-03:00 ERROR 2736 --- [restartedMain] o.s.b.d.LoggingFailureAnalysisReporter   : 

***************************
APPLICATION FAILED TO START
***************************

Description:

Web server failed to start. Port 8080 was already in use.

Action:

Identify and stop the process that's listening on port 8080 or configure this application to listen on another port.

