2024-02-19T23:22:36.920-03:00  INFO 8500 --- [restartedMain] b.c.m.c.CadpessoasMarceloApplication     : Starting CadpessoasMarceloApplication using Java 17.0.10 with PID 8500 (C:\Users\Marce\Documents\GitHub\pweb_2023.2_marceloVitorino\u1_exercicio2\target\classes started by Marce in C:\Users\Marce\Documents\GitHub\pweb_2023.2_marceloVitorino\u1_exercicio2)
2024-02-19T23:22:36.920-03:00  INFO 8500 --- [restartedMain] b.c.m.c.CadpessoasMarceloApplication     : No active profile set, falling back to 1 default profile: "default"
2024-02-19T23:22:37.066-03:00  INFO 8500 --- [restartedMain] .s.d.r.c.RepositoryConfigurationDelegate : Bootstrapping Spring Data JPA repositories in DEFAULT mode.
2024-02-19T23:22:37.074-03:00  INFO 8500 --- [restartedMain] .s.d.r.c.RepositoryConfigurationDelegate : Finished Spring Data repository scanning in 1 ms. Found 0 JPA repository interfaces.
2024-02-19T23:22:37.167-03:00  INFO 8500 --- [restartedMain] o.s.b.w.embedded.tomcat.TomcatWebServer  : Tomcat initialized with port 8080 (http)
2024-02-19T23:22:37.169-03:00  INFO 8500 --- [restartedMain] o.apache.catalina.core.StandardService   : Starting service [Tomcat]
2024-02-19T23:22:37.170-03:00  INFO 8500 --- [restartedMain] o.apache.catalina.core.StandardEngine    : Starting Servlet engine: [Apache Tomcat/10.1.18]
2024-02-19T23:22:37.180-03:00  INFO 8500 --- [restartedMain] o.a.c.c.C.[Tomcat].[localhost].[/]       : Initializing Spring embedded WebApplicationContext
2024-02-19T23:22:37.181-03:00  INFO 8500 --- [restartedMain] w.s.c.ServletWebServerApplicationContext : Root WebApplicationContext: initialization completed in 243 ms
2024-02-19T23:22:37.185-03:00  INFO 8500 --- [restartedMain] com.zaxxer.hikari.HikariDataSource       : HikariPool-2 - Starting...
2024-02-19T23:22:37.185-03:00  INFO 8500 --- [restartedMain] com.zaxxer.hikari.pool.HikariPool        : HikariPool-2 - Added connection conn10: url=jdbc:h2:mem:cadpessoas user=ADMIN
2024-02-19T23:22:37.185-03:00  INFO 8500 --- [restartedMain] com.zaxxer.hikari.HikariDataSource       : HikariPool-2 - Start completed.
2024-02-19T23:22:37.185-03:00  INFO 8500 --- [restartedMain] o.s.b.a.h2.H2ConsoleAutoConfiguration    : H2 console available at '/h2-console'. Database available at 'jdbc:h2:mem:cadpessoas'
2024-02-19T23:22:37.201-03:00  INFO 8500 --- [restartedMain] o.hibernate.jpa.internal.util.LogHelper  : HHH000204: Processing PersistenceUnitInfo [name: default]
2024-02-19T23:22:37.218-03:00  INFO 8500 --- [restartedMain] o.h.c.internal.RegionFactoryInitiator    : HHH000026: Second-level cache disabled
2024-02-19T23:22:37.218-03:00  INFO 8500 --- [restartedMain] o.s.o.j.p.SpringPersistenceUnitInfo      : No LoadTimeWeaver setup: ignoring JPA class transformer
2024-02-19T23:22:37.218-03:00  WARN 8500 --- [restartedMain] org.hibernate.orm.deprecation            : HHH90000025: H2Dialect does not need to be specified explicitly using 'hibernate.dialect' (remove the property setting and it will be selected by default)
2024-02-19T23:22:37.218-03:00  INFO 8500 --- [restartedMain] o.h.e.t.j.p.i.JtaPlatformInitiator       : HHH000489: No JTA platform available (set 'hibernate.transaction.jta.platform' to enable JTA platform integration)
2024-02-19T23:22:37.218-03:00  INFO 8500 --- [restartedMain] j.LocalContainerEntityManagerFactoryBean : Initialized JPA EntityManagerFactory for persistence unit 'default'
2024-02-19T23:22:37.304-03:00  WARN 8500 --- [restartedMain] ion$DefaultTemplateResolverConfiguration : Cannot find template location: classpath:/templates/ (please add some templates, check your Thymeleaf configuration, or set spring.thymeleaf.check-template-location=false)
2024-02-19T23:22:37.339-03:00  INFO 8500 --- [restartedMain] o.s.b.d.a.OptionalLiveReloadServer       : LiveReload server is running on port 35729
2024-02-19T23:22:37.355-03:00  INFO 8500 --- [restartedMain] o.s.b.w.embedded.tomcat.TomcatWebServer  : Tomcat started on port 8080 (http) with context path ''
2024-02-19T23:22:37.359-03:00  INFO 8500 --- [restartedMain] b.c.m.c.CadpessoasMarceloApplication     : Started CadpessoasMarceloApplication in 0.453 seconds (process running for 721.498)
2024-02-19T23:22:37.359-03:00  INFO 8500 --- [restartedMain] .ConditionEvaluationDeltaLoggingListener : Condition evaluation unchanged
2024-02-19T23:22:39.785-03:00  INFO 8500 --- [File Watcher] rtingClassPathChangeChangedEventListener : Restarting due to 1 class path change (0 additions, 0 deletions, 1 modification)
2024-02-19T23:22:39.793-03:00  INFO 8500 --- [Thread-7] j.LocalContainerEntityManagerFactoryBean : Closing JPA EntityManagerFactory for persistence unit 'default'
2024-02-19T23:22:39.795-03:00  WARN 8500 --- [Thread-7] o.s.b.f.support.DisposableBeanAdapter    : Invocation of destroy method failed on bean with name 'inMemoryDatabaseShutdownExecutor': org.h2.jdbc.JdbcSQLNonTransientConnectionException: Database is already closed (to disable automatic closing at VM shutdown, add ";DB_CLOSE_ON_EXIT=FALSE" to the db URL) [90121-224]
2024-02-19T23:22:39.795-03:00  INFO 8500 --- [Thread-7] com.zaxxer.hikari.HikariDataSource       : HikariPool-2 - Shutdown initiated...
2024-02-19T23:22:39.796-03:00  INFO 8500 --- [Thread-7] com.zaxxer.hikari.HikariDataSource       : HikariPool-2 - Shutdown completed.
